  [4;36;1mSQL (19.4ms)[0m   [0;1m SELECT name
 FROM sqlite_master
 WHERE type = 'table' AND NOT name = 'sqlite_sequence'
[0m
  [4;35;1mSQL (0.3ms)[0m   [0mselect sqlite_version(*)[0m
  [4;36;1mSQL (1048.5ms)[0m   [0;1mCREATE TABLE "schema_migrations" ("version" varchar(255) NOT NULL) [0m
  [4;35;1mSQL (821.0ms)[0m   [0mCREATE UNIQUE INDEX "unique_schema_migrations" ON "schema_migrations" ("version")[0m
  [4;36;1mSQL (0.7ms)[0m   [0;1m SELECT name
 FROM sqlite_master
 WHERE type = 'table' AND NOT name = 'sqlite_sequence'
[0m
  [4;35;1mSQL (0.3ms)[0m   [0mSELECT version FROM schema_migrations[0m
Migrating to AddTeamsTable (20100630075213)
  [4;36;1mSQL (1.3ms)[0m   [0;1mCREATE TABLE "teams" ("id" INTEGER PRIMARY KEY AUTOINCREMENT NOT NULL, "team_name" varchar(255), "team_home_stadium" varchar(255), "team_capacity" integer, "team_nickname" varchar(255), "team_last_year_position" integer) [0m
  [4;35;1mSQL (0.4ms)[0m   [0mINSERT INTO schema_migrations (version) VALUES ('20100630075213')[0m
Migrating to AddFixturesTable (20100630094217)
  [4;36;1mSQL (0.4ms)[0m   [0;1mCREATE TABLE "matches" ("id" INTEGER PRIMARY KEY AUTOINCREMENT NOT NULL, "match_year" integer, "match_home_team_id" integer, "match_away_team_id" integer, "match_date" date, "match_gameweek" integer, "match_is_played" boolean) [0m
  [4;35;1mSQL (0.2ms)[0m   [0mINSERT INTO schema_migrations (version) VALUES ('20100630094217')[0m
  [4;36;1mSQL (0.3ms)[0m   [0;1m SELECT name
 FROM sqlite_master
 WHERE type = 'table' AND NOT name = 'sqlite_sequence'
[0m
  [4;35;1mSQL (0.2ms)[0m   [0mSELECT version FROM schema_migrations[0m
  [4;36;1mSQL (0.2ms)[0m   [0;1m SELECT name
 FROM sqlite_master
 WHERE type = 'table' AND NOT name = 'sqlite_sequence'
[0m
  [4;35;1mSQL (0.1ms)[0m   [0mPRAGMA index_list("matches")[0m
  [4;36;1mSQL (0.1ms)[0m   [0;1mPRAGMA index_list("teams")[0m
